<?xml version="1.0" encoding="UTF-8"?>
<!-- Generated by org.testng.reporters.JUnitReportReporter -->
<testsuite hostname="TINMAA-LWX-0026" failures="0" tests="1" name="com.testExecution.RunnerClass" time="17.694" errors="0" timestamp="2024-02-28T13:35:47 IST" skipped="0">
  <testcase classname="com.testExecution.RunnerClass" name="testGL" time="17.694"/>
</testsuite> <!-- com.testExecution.RunnerClass -->
